<?xml version="1.0" encoding="UTF-8"?>
<testsuite xmlns:xsi="http://www.w3.org/2001/XMLSchema-instance" xsi:noNamespaceSchemaLocation="https://maven.apache.org/surefire/maven-surefire-plugin/xsd/surefire-test-report.xsd" version="3.0.2" name="se.sprinto.hakan.masonline.mas.MasGameServiceTest" time="0.123" tests="15" errors="0" skipped="0" failures="0">
  <properties>
[...]
</properties>
  <testcase name="roundTwoPickupOnlyTakesTopCardAndNextPlayerMustBeatNewTopCard" classname="se.sprinto.hakan.masonline.mas.MasGameServiceTest" time="0.076"/>
  <testcase name="roundTwoNextPlayerMayStartAnySuitWhenPickupEmptiesPile" classname="se.sprinto.hakan.masonline.mas.MasGameServiceTest" time="0.004"/>
  <testcase name="roundTwoTurnOrderContinuesAfterPickupWithoutSkippingPreviousPlayers" classname="se.sprinto.hakan.masonline.mas.MasGameServiceTest" time="0.002"/>
  <testcase name="roundTwoPlayerMayPickupWhenUnableToFollowSuitEvenWithTrumpAvailable" classname="se.sprinto.hakan.masonline.mas.MasGameServiceTest" time="0.001"/>
  <testcase name="onlyHostCanSelectLoserTitle" classname="se.sprinto.hakan.masonline.mas.MasGameServiceTest" time="0.001"/>
  <testcase name="roundTwoPlayerMayPickupTrumpEvenWhenAbleToBeatIt" classname="se.sprinto.hakan.masonline.mas.MasGameServiceTest" time="0.001"/>
  <testcase name="roundOneEndsWhenDeckBecomesEmptyAndTrumpComesFromLastDrawnCard" classname="se.sprinto.hakan.masonline.mas.MasGameServiceTest" time="0.004"/>
  <testcase name="roundTwoStartsFromWonCardsAndEndsWhenOnlyOnePlayerHasCardsLeft" classname="se.sprinto.hakan.masonline.mas.MasGameServiceTest" time="0.001"/>
  <testcase name="roundTwoRequiresHigherSameSuitWhenPlayerCanDoIt" classname="se.sprinto.hakan.masonline.mas.MasGameServiceTest" time="0.001"/>
  <testcase name="threePlayersAreRequiredToStart" classname="se.sprinto.hakan.masonline.mas.MasGameServiceTest" time="0.0"/>
  <testcase name="onlyWaitingGamesAreJoinableInLobby" classname="se.sprinto.hakan.masonline.mas.MasGameServiceTest" time="0.002"/>
  <testcase name="roundTwoPlayerMustPickupTopCardWhenSameSuitCannotBeatPreviousCard" classname="se.sprinto.hakan.masonline.mas.MasGameServiceTest" time="0.001"/>
  <testcase name="hostSelectsLoserTitleBeforeStartAndLoserIsNamedByThatTitle" classname="se.sprinto.hakan.masonline.mas.MasGameServiceTest" time="0.001"/>
  <testcase name="roundOneReceiverCanPickupEvenWhenAbleToPlayHigherSameSuit" classname="se.sprinto.hakan.masonline.mas.MasGameServiceTest" time="0.001"/>
  <testcase name="newGameCanBeJoinedAndStarted" classname="se.sprinto.hakan.masonline.mas.MasGameServiceTest" time="0.0"/>
</testsuite>